info @storybook/react v6.5.13
info 
info => Cleaning outputDir: C:\Users\user\AppData\Local\Temp\chromatic--17804-1t3txDrBbzIN
info => Loading presets
info => Compiling manager..
info => Compiling preview..
info Addon-docs: using MDX1
info => Using implicit CSS loaders
(node:10528) ExperimentalWarning: The Fetch API is an experimental feature. This feature could change at any time
(Use `node --trace-warnings ...` to show where the warning was created)
info => Using default Webpack5 setup
<s> [webpack.Progress] 0% 

<s> [webpack.Progress] 1% setup before run
<s> [webpack.Progress] 1% setup before run NodeEnvironmentPlugin
<s> [webpack.Progress] 1% setup before run
<s> [webpack.Progress] 2% setup run
<s> [webpack.Progress] 2% setup run
<s> [webpack.Progress] 4% setup normal module factory
<s> [webpack.Progress] 4% setup normal module factory CaseSensitivePathsPlugin
<s> [webpack.Progress] 4% setup normal module factory
<s> [webpack.Progress] 5% setup context module factory
<s> [webpack.Progress] 5% setup context module factory
<s> [webpack.Progress] 6% setup before compile
<s> [webpack.Progress] 6% setup before compile ProgressPlugin
<s> [webpack.Progress] 6% setup before compile
<s> [webpack.Progress] 7% setup compile
<s> [webpack.Progress] 7% setup compile ExternalsPlugin
<s> [webpack.Progress] 7% setup compile
<s> [webpack.Progress] 8% setup compilation
<s> [webpack.Progress] 8% setup compilation ArrayPushCallbackChunkFormatPlugin
<s> [webpack.Progress] 8% setup compilation JsonpChunkLoadingPlugin
<s> [webpack.Progress] 8% setup compilation StartupChunkDependenciesPlugin
<s> [webpack.Progress] 8% setup compilation ImportScriptsChunkLoadingPlugin
<s> [webpack.Progress] 8% setup compilation FetchCompileWasmPlugin
<s> [webpack.Progress] 8% setup compilation FetchCompileAsyncWasmPlugin
<s> [webpack.Progress] 8% setup compilation WorkerPlugin
<s> [webpack.Progress] 8% setup compilation SplitChunksPlugin
<s> [webpack.Progress] 8% setup compilation RuntimeChunkPlugin
<s> [webpack.Progress] 8% setup compilation ResolverCachePlugin
<s> [webpack.Progress] 8% setup compilation HtmlWebpackPlugin
<s> [webpack.Progress] 8% setup compilation
<s> [webpack.Progress] 9% setup compilation
<s> [webpack.Progress] 9% setup compilation DefinePlugin
<s> [webpack.Progress] 9% setup compilation ProvidePlugin
<s> [webpack.Progress] 9% setup compilation ProgressPlugin
<s> [webpack.Progress] 9% setup compilation DocGenPlugin
<s> [webpack.Progress] 9% setup compilation DefinePlugin
<s> [webpack.Progress] 9% setup compilation DefinePlugin
<s> [webpack.Progress] 9% setup compilation ChunkPrefetchPreloadPlugin
<s> [webpack.Progress] 9% setup compilation SourceMapDevToolPlugin
<s> [webpack.Progress] 9% setup compilation JavascriptModulesPlugin
<s> [webpack.Progress] 9% setup compilation JsonModulesPlugin
<s> [webpack.Progress] 9% setup compilation AssetModulesPlugin
<s> [webpack.Progress] 9% setup compilation EntryPlugin
<s> [webpack.Progress] 9% setup compilation EntryPlugin
<s> [webpack.Progress] 9% setup compilation EntryPlugin
<s> [webpack.Progress] 9% setup compilation EntryPlugin
<s> [webpack.Progress] 9% setup compilation EntryPlugin
<s> [webpack.Progress] 9% setup compilation EntryPlugin
<s> [webpack.Progress] 9% setup compilation EntryPlugin
<s> [webpack.Progress] 9% setup compilation EntryPlugin
<s> [webpack.Progress] 9% setup compilation EntryPlugin
<s> [webpack.Progress] 9% setup compilation EntryPlugin
<s> [webpack.Progress] 9% setup compilation EntryPlugin
<s> [webpack.Progress] 9% setup compilation EntryPlugin
<s> [webpack.Progress] 9% setup compilation EntryPlugin
<s> [webpack.Progress] 9% setup compilation RuntimePlugin
<s> [webpack.Progress] 9% setup compilation InferAsyncModulesPlugin
<s> [webpack.Progress] 9% setup compilation DataUriPlugin
<s> [webpack.Progress] 9% setup compilation FileUriPlugin
<s> [webpack.Progress] 9% setup compilation CompatibilityPlugin
<s> [webpack.Progress] 9% setup compilation HarmonyModulesPlugin
<s> [webpack.Progress] 9% setup compilation AMDPlugin
<s> [webpack.Progress] 9% setup compilation RequireJsStuffPlugin
<s> [webpack.Progress] 9% setup compilation CommonJsPlugin
<s> [webpack.Progress] 9% setup compilation LoaderPlugin
<s> [webpack.Progress] 9% setup compilation LoaderPlugin
<s> [webpack.Progress] 9% setup compilation NodeStuffPlugin
<s> [webpack.Progress] 9% setup compilation APIPlugin
<s> [webpack.Progress] 9% setup compilation ExportsInfoApiPlugin
<s> [webpack.Progress] 9% setup compilation WebpackIsIncludedPlugin
<s> [webpack.Progress] 9% setup compilation ConstPlugin
<s> [webpack.Progress] 9% setup compilation UseStrictPlugin
<s> [webpack.Progress] 9% setup compilation RequireIncludePlugin
<s> [webpack.Progress] 9% setup compilation RequireEnsurePlugin
<s> [webpack.Progress] 9% setup compilation RequireContextPlugin
<s> [webpack.Progress] 9% setup compilation ImportPlugin
<s> [webpack.Progress] 9% setup compilation RequireContextPlugin
<s> [webpack.Progress] 9% setup compilation SystemPlugin
<s> [webpack.Progress] 9% setup compilation ImportMetaPlugin
<s> [webpack.Progress] 9% setup compilation URLPlugin
<s> [webpack.Progress] 9% setup compilation DefaultStatsFactoryPlugin
<s> [webpack.Progress] 9% setup compilation DefaultStatsPresetPlugin
<s> [webpack.Progress] 9% setup compilation DefaultStatsPrinterPlugin
<s> [webpack.Progress] 9% setup compilation JavascriptMetaInfoPlugin
<s> [webpack.Progress] 9% setup compilation EnsureChunkConditionsPlugin
<s> [webpack.Progress] 9% setup compilation RemoveEmptyChunksPlugin
<s> [webpack.Progress] 9% setup compilation MergeDuplicateChunksPlugin
<s> [webpack.Progress] 9% setup compilation FlagIncludedChunksPlugin
<s> [webpack.Progress] 9% setup compilation SideEffectsFlagPlugin
<s> [webpack.Progress] 9% setup compilation FlagDependencyExportsPlugin
<s> [webpack.Progress] 9% setup compilation FlagDependencyUsagePlugin
<s> [webpack.Progress] 9% setup compilation InnerGraphPlugin
<s> [webpack.Progress] 9% setup compilation MangleExportsPlugin
<s> [webpack.Progress] 9% setup compilation ModuleConcatenationPlugin
<s> [webpack.Progress] 9% setup compilation NoEmitOnErrorsPlugin
<s> [webpack.Progress] 9% setup compilation RealContentHashPlugin
<s> [webpack.Progress] 9% setup compilation WasmFinalizeExportsPlugin
<s> [webpack.Progress] 9% setup compilation NamedModuleIdsPlugin
<s> [webpack.Progress] 9% setup compilation DeterministicChunkIdsPlugin
<s> [webpack.Progress] 9% setup compilation DefinePlugin
<s> [webpack.Progress] 9% setup compilation TerserPlugin
<s> [webpack.Progress] 9% setup compilation TemplatedPathPlugin
<s> [webpack.Progress] 9% setup compilation RecordIdsPlugin
<s> [webpack.Progress] 9% setup compilation WarnCaseSensitiveModulesPlugin
<s> [webpack.Progress] 9% setup compilation IgnoreWarningsPlugin
<s> [webpack.Progress] 9% setup compilation
<s> [webpack.Progress] 10% building
<s> [webpack.Progress] 10% building 0/1 entries 0/0 dependencies 0/0 modules
<s> [webpack.Progress] 10% building import loader ./node_modules/@storybook/builder-webpack5/node_modules/babel-loader/lib/index.js
<s> [webpack.Progress] 10% building import loader ./node_modules/babel-loader/lib/index.js
<s> [webpack.Progress] 10% building 0/13 entries 22/45 dependencies 1/21 modules
<s> [webpack.Progress] 10% building 0/13 entries 22/46 dependencies 1/21 modules
Browserslist: caniuse-lite is outdated. Please run:
  npx browserslist@latest --update-db
  Why you should do it regularly: https://github.com/browserslist/browserslist#browsers-data-updating
<s> [webpack.Progress] 10% building 0/13 entries 23/59 dependencies 1/21 modules
Browserslist: caniuse-lite is outdated. Please run:
  npx browserslist@latest --update-db
  Why you should do it regularly: https://github.com/browserslist/browserslist#browsers-data-updating
<s> [webpack.Progress] 10% building import loader ./node_modules/@storybook/source-loader/dist/cjs/index.js
<s> [webpack.Progress] 10% building 0/13 entries 41/59 dependencies 1/40 modules
<s> [webpack.Progress] 10% building 0/13 entries 43/63 dependencies 1/40 modules
<s> [webpack.Progress] 14% building 1/13 entries 50/93 dependencies 2/47 modules
<s> [webpack.Progress] 14% building 1/13 entries 251/400 dependencies 3/108 modules
<s> [webpack.Progress] 14% building 1/13 entries 439/711 dependencies 5/185 modules
<s> [webpack.Progress] 14% building 1/13 entries 662/768 dependencies 9/263 modules
<s> [webpack.Progress] 14% building 1/13 entries 697/873 dependencies 12/267 modules
<s> [webpack.Progress] 18% building 2/13 entries 720/912 dependencies 14/273 modules
<s> [webpack.Progress] 18% building 2/13 entries 1421/1474 dependencies 43/385 modules
<s> [webpack.Progress] 18% building 2/13 entries 1622/1700 dependencies 67/427 modules
<s> [webpack.Progress] 18% building 2/13 entries 2000/2278 dependencies 93/473 modules
<s> [webpack.Progress] 18% building 2/13 entries 2300/2483 dependencies 104/511 modules
<s> [webpack.Progress] 18% building 2/13 entries 2480/2600 dependencies 142/525 modules
<s> [webpack.Progress] 18% building 2/13 entries 2900/3015 dependencies 257/561 modules
<s> [webpack.Progress] 18% building 2/13 entries 3424/3500 dependencies 320/614 modules
<s> [webpack.Progress] 18% building 2/13 entries 3884/4000 dependencies 375/679 modules
Browserslist: caniuse-lite is outdated. Please run:
  npx browserslist@latest --update-db
  Why you should do it regularly: https://github.com/browserslist/browserslist#browsers-data-updating
<s> [webpack.Progress] 18% building 2/13 entries 4463/4600 dependencies 441/777 modules
<s> [webpack.Progress] 18% building 2/13 entries 4700/4928 dependencies 479/831 modules
<s> [webpack.Progress] 18% building 2/13 entries 5096/5146 dependencies 561/900 modules
TypeError: left.isCompileTimeValue is not a function
    at handleStrictEqualityComparison (D:\Brethren\react-native-bubbles\node_modules\@storybook\builder-webpack5\node_modules\webpack\lib\javascript\JavascriptParser.js:565:29)
    at D:\Brethren\react-native-bubbles\node_modules\@storybook\builder-webpack5\node_modules\webpack\lib\javascript\JavascriptParser.js:790:13
    at Hook.eval [as call] (eval at create (D:\Brethren\react-native-bubbles\node_modules\@storybook\builder-webpack5\node_modules\tapable\lib\HookCodeFactory.js:19:10), <anonymous>:7:16)
    at JavascriptParser.evaluateExpression (D:\Brethren\react-native-bubbles\node_modules\@storybook\builder-webpack5\node_modules\webpack\lib\javascript\JavascriptParser.js:3215:25)
    at D:\Brethren\react-native-bubbles\node_modules\@storybook\builder-webpack5\node_modules\webpack\lib\javascript\JavascriptParser.js:433:23
    at Hook.eval [as call] (eval at create (D:\Brethren\react-native-bubbles\node_modules\@storybook\builder-webpack5\node_modules\tapable\lib\HookCodeFactory.js:19:10), <anonymous>:7:16)
    at JavascriptParser.evaluateExpression (D:\Brethren\react-native-bubbles\node_modules\@storybook\builder-webpack5\node_modules\webpack\lib\javascript\JavascriptParser.js:3215:25)
    at D:\Brethren\react-native-bubbles\node_modules\@storybook\builder-webpack5\node_modules\webpack\lib\javascript\JavascriptParser.js:1327:28
    at Hook.eval [as call] (eval at create (D:\Brethren\react-native-bubbles\node_modules\@storybook\builder-webpack5\node_modules\tapable\lib\HookCodeFactory.js:19:10), <anonymous>:7:16)
    at JavascriptParser.evaluateExpression (D:\Brethren\react-native-bubbles\node_modules\@storybook\builder-webpack5\node_modules\webpack\lib\javascript\JavascriptParser.js:3215:25)
    at D:\Brethren\react-native-bubbles\node_modules\@storybook\builder-webpack5\node_modules\webpack\lib\javascript\JavascriptParser.js:1332:29
    at Hook.eval [as call] (eval at create (D:\Brethren\react-native-bubbles\node_modules\@storybook\builder-webpack5\node_modules\tapable\lib\HookCodeFactory.js:19:10), <anonymous>:7:16)
    at JavascriptParser.evaluateExpression (D:\Brethren\react-native-bubbles\node_modules\@storybook\builder-webpack5\node_modules\webpack\lib\javascript\JavascriptParser.js:3215:25)
    at JavascriptParser.getRenameIdentifier (D:\Brethren\react-native-bubbles\node_modules\@storybook\builder-webpack5\node_modules\webpack\lib\javascript\JavascriptParser.js:1415:23)
    at JavascriptParser.walkVariableDeclaration (D:\Brethren\react-native-bubbles\node_modules\@storybook\builder-webpack5\node_modules\webpack\lib\javascript\JavascriptParser.js:2112:31)
    at JavascriptParser.walkStatement (D:\Brethren\react-native-bubbles\node_modules\@storybook\builder-webpack5\node_modules\webpack\lib\javascript\JavascriptParser.js:1620:10)
    at JavascriptParser.walkStatements (D:\Brethren\react-native-bubbles\node_modules\@storybook\builder-webpack5\node_modules\webpack\lib\javascript\JavascriptParser.js:1481:9)
    at D:\Brethren\react-native-bubbles\node_modules\@storybook\builder-webpack5\node_modules\webpack\lib\javascript\JavascriptParser.js:1655:9
    at JavascriptParser.inBlockScope (D:\Brethren\react-native-bubbles\node_modules\@storybook\builder-webpack5\node_modules\webpack\lib\javascript\JavascriptParser.js:3113:3)
    at JavascriptParser.walkBlockStatement (D:\Brethren\react-native-bubbles\node_modules\@storybook\builder-webpack5\node_modules\webpack\lib\javascript\JavascriptParser.js:1650:8)
    at JavascriptParser.walkStatement (D:\Brethren\react-native-bubbles\node_modules\@storybook\builder-webpack5\node_modules\webpack\lib\javascript\JavascriptParser.js:1572:10)
    at D:\Brethren\react-native-bubbles\node_modules\@storybook\builder-webpack5\node_modules\webpack\lib\javascript\JavascriptParser.js:2700:10
    at JavascriptParser.inFunctionScope (D:\Brethren\react-native-bubbles\node_modules\@storybook\builder-webpack5\node_modules\webpack\lib\javascript\JavascriptParser.js:3097:3)
    at JavascriptParser._walkIIFE (D:\Brethren\react-native-bubbles\node_modules\@storybook\builder-webpack5\node_modules\webpack\lib\javascript\JavascriptParser.js:2685:8)
    at JavascriptParser.walkCallExpression (D:\Brethren\react-native-bubbles\node_modules\@storybook\builder-webpack5\node_modules\webpack\lib\javascript\JavascriptParser.js:2739:9)
    at JavascriptParser.walkExpression (D:\Brethren\react-native-bubbles\node_modules\@storybook\builder-webpack5\node_modules\webpack\lib\javascript\JavascriptParser.js:2278:10)
    at JavascriptParser.walkVariableDeclaration (D:\Brethren\react-native-bubbles\node_modules\@storybook\builder-webpack5\node_modules\webpack\lib\javascript\JavascriptParser.js:2126:33)
    at JavascriptParser.walkStatement (D:\Brethren\react-native-bubbles\node_modules\@storybook\builder-webpack5\node_modules\webpack\lib\javascript\JavascriptParser.js:1620:10)
    at JavascriptParser.walkStatements (D:\Brethren\react-native-bubbles\node_modules\@storybook\builder-webpack5\node_modules\webpack\lib\javascript\JavascriptParser.js:1481:9)
    at D:\Brethren\react-native-bubbles\node_modules\@storybook\builder-webpack5\node_modules\webpack\lib\javascript\JavascriptParser.js:1655:9
    at JavascriptParser.inBlockScope (D:\Brethren\react-native-bubbles\node_modules\@storybook\builder-webpack5\node_modules\webpack\lib\javascript\JavascriptParser.js:3113:3)
    at JavascriptParser.walkBlockStatement (D:\Brethren\react-native-bubbles\node_modules\@storybook\builder-webpack5\node_modules\webpack\lib\javascript\JavascriptParser.js:1650:8)
    at JavascriptParser.walkStatement (D:\Brethren\react-native-bubbles\node_modules\@storybook\builder-webpack5\node_modules\webpack\lib\javascript\JavascriptParser.js:1572:10)
    at D:\Brethren\react-native-bubbles\node_modules\@storybook\builder-webpack5\node_modules\webpack\lib\javascript\JavascriptParser.js:2405:10
    at JavascriptParser.inFunctionScope (D:\Brethren\react-native-bubbles\node_modules\@storybook\builder-webpack5\node_modules\webpack\lib\javascript\JavascriptParser.js:3097:3)
    at JavascriptParser.walkFunctionExpression (D:\Brethren\react-native-bubbles\node_modules\@storybook\builder-webpack5\node_modules\webpack\lib\javascript\JavascriptParser.js:2396:8)
    at JavascriptParser.walkExpression (D:\Brethren\react-native-bubbles\node_modules\@storybook\builder-webpack5\node_modules\webpack\lib\javascript\JavascriptParser.js:2290:10)
    at getVarInfo (D:\Brethren\react-native-bubbles\node_modules\@storybook\builder-webpack5\node_modules\webpack\lib\javascript\JavascriptParser.js:2668:9)
    at Array.map (<anonymous>)
    at JavascriptParser._walkIIFE (D:\Brethren\react-native-bubbles\node_modules\@storybook\builder-webpack5\node_modules\webpack\lib\javascript\JavascriptParser.js:2673:34)
    at JavascriptParser.walkCallExpression (D:\Brethren\react-native-bubbles\node_modules\@storybook\builder-webpack5\node_modules\webpack\lib\javascript\JavascriptParser.js:2739:9)
    at JavascriptParser.walkExpression (D:\Brethren\react-native-bubbles\node_modules\@storybook\builder-webpack5\node_modules\webpack\lib\javascript\JavascriptParser.js:2278:10)
    at JavascriptParser.walkExpressionStatement (D:\Brethren\react-native-bubbles\node_modules\@storybook\builder-webpack5\node_modules\webpack\lib\javascript\JavascriptParser.js:1660:8)
    at JavascriptParser.walkStatement (D:\Brethren\react-native-bubbles\node_modules\@storybook\builder-webpack5\node_modules\webpack\lib\javascript\JavascriptParser.js:1587:10)
    at JavascriptParser.walkStatements (D:\Brethren\react-native-bubbles\node_modules\@storybook\builder-webpack5\node_modules\webpack\lib\javascript\JavascriptParser.js:1481:9)
    at JavascriptParser.parse (D:\Brethren\react-native-bubbles\node_modules\@storybook\builder-webpack5\node_modules\webpack\lib\javascript\JavascriptParser.js:3375:9)
    at D:\Brethren\react-native-bubbles\node_modules\@storybook\builder-webpack5\node_modules\webpack\lib\NormalModule.js:1087:26
    at processResult (D:\Brethren\react-native-bubbles\node_modules\@storybook\builder-webpack5\node_modules\webpack\lib\NormalModule.js:800:11)
    at D:\Brethren\react-native-bubbles\node_modules\@storybook\builder-webpack5\node_modules\webpack\lib\NormalModule.js:860:5
    at D:\Brethren\react-native-bubbles\node_modules\@storybook\builder-webpack5\node_modules\loader-runner\lib\LoaderRunner.js:407:3
TypeError: left.isCompileTimeValue is not a function
    at handleStrictEqualityComparison (D:\Brethren\react-native-bubbles\node_modules\@storybook\builder-webpack5\node_modules\webpack\lib\javascript\JavascriptParser.js:565:29)
    at D:\Brethren\react-native-bubbles\node_modules\@storybook\builder-webpack5\node_modules\webpack\lib\javascript\JavascriptParser.js:790:13
    at Hook.eval [as call] (eval at create (D:\Brethren\react-native-bubbles\node_modules\@storybook\builder-webpack5\node_modules\tapable\lib\HookCodeFactory.js:19:10), <anonymous>:7:16)
    at JavascriptParser.evaluateExpression (D:\Brethren\react-native-bubbles\node_modules\@storybook\builder-webpack5\node_modules\webpack\lib\javascript\JavascriptParser.js:3215:25)
    at D:\Brethren\react-native-bubbles\node_modules\@storybook\builder-webpack5\node_modules\webpack\lib\javascript\JavascriptParser.js:433:23
    at Hook.eval [as call] (eval at create (D:\Brethren\react-native-bubbles\node_modules\@storybook\builder-webpack5\node_modules\tapable\lib\HookCodeFactory.js:19:10), <anonymous>:7:16)
    at JavascriptParser.evaluateExpression (D:\Brethren\react-native-bubbles\node_modules\@storybook\builder-webpack5\node_modules\webpack\lib\javascript\JavascriptParser.js:3215:25)
    at D:\Brethren\react-native-bubbles\node_modules\@storybook\builder-webpack5\node_modules\webpack\lib\ConstPlugin.js:208:29
    at Hook.eval [as call] (eval at create (D:\Brethren\react-native-bubbles\node_modules\@storybook\builder-webpack5\node_modules\tapable\lib\HookCodeFactory.js:19:10), <anonymous>:7:16)
    at JavascriptParser.walkConditionalExpression (D:\Brethren\react-native-bubbles\node_modules\@storybook\builder-webpack5\node_modules\webpack\lib\javascript\JavascriptParser.js:2575:59)
    at JavascriptParser.walkExpression (D:\Brethren\react-native-bubbles\node_modules\@storybook\builder-webpack5\node_modules\webpack\lib\javascript\JavascriptParser.js:2287:10)
    at JavascriptParser.walkConditionalExpression (D:\Brethren\react-native-bubbles\node_modules\@storybook\builder-webpack5\node_modules\webpack\lib\javascript\JavascriptParser.js:2580:10)
    at JavascriptParser.walkExpression (D:\Brethren\react-native-bubbles\node_modules\@storybook\builder-webpack5\node_modules\webpack\lib\javascript\JavascriptParser.js:2287:10)
    at JavascriptParser.walkVariableDeclaration (D:\Brethren\react-native-bubbles\node_modules\@storybook\builder-webpack5\node_modules\webpack\lib\javascript\JavascriptParser.js:2126:33)
    at JavascriptParser.walkStatement (D:\Brethren\react-native-bubbles\node_modules\@storybook\builder-webpack5\node_modules\webpack\lib\javascript\JavascriptParser.js:1620:10)
    at JavascriptParser.walkStatements (D:\Brethren\react-native-bubbles\node_modules\@storybook\builder-webpack5\node_modules\webpack\lib\javascript\JavascriptParser.js:1481:9)
    at D:\Brethren\react-native-bubbles\node_modules\@storybook\builder-webpack5\node_modules\webpack\lib\javascript\JavascriptParser.js:1655:9
    at JavascriptParser.inBlockScope (D:\Brethren\react-native-bubbles\node_modules\@storybook\builder-webpack5\node_modules\webpack\lib\javascript\JavascriptParser.js:3113:3)
    at JavascriptParser.walkBlockStatement (D:\Brethren\react-native-bubbles\node_modules\@storybook\builder-webpack5\node_modules\webpack\lib\javascript\JavascriptParser.js:1650:8)
    at JavascriptParser.walkStatement (D:\Brethren\react-native-bubbles\node_modules\@storybook\builder-webpack5\node_modules\webpack\lib\javascript\JavascriptParser.js:1572:10)
    at D:\Brethren\react-native-bubbles\node_modules\@storybook\builder-webpack5\node_modules\webpack\lib\javascript\JavascriptParser.js:2700:10
    at JavascriptParser.inFunctionScope (D:\Brethren\react-native-bubbles\node_modules\@storybook\builder-webpack5\node_modules\webpack\lib\javascript\JavascriptParser.js:3097:3)
    at JavascriptParser._walkIIFE (D:\Brethren\react-native-bubbles\node_modules\@storybook\builder-webpack5\node_modules\webpack\lib\javascript\JavascriptParser.js:2685:8)
    at JavascriptParser.walkCallExpression (D:\Brethren\react-native-bubbles\node_modules\@storybook\builder-webpack5\node_modules\webpack\lib\javascript\JavascriptParser.js:2739:9)
    at JavascriptParser.walkExpression (D:\Brethren\react-native-bubbles\node_modules\@storybook\builder-webpack5\node_modules\webpack\lib\javascript\JavascriptParser.js:2278:10)
    at JavascriptParser.walkVariableDeclaration (D:\Brethren\react-native-bubbles\node_modules\@storybook\builder-webpack5\node_modules\webpack\lib\javascript\JavascriptParser.js:2126:33)
    at JavascriptParser.walkStatement (D:\Brethren\react-native-bubbles\node_modules\@storybook\builder-webpack5\node_modules\webpack\lib\javascript\JavascriptParser.js:1620:10)
    at JavascriptParser.walkStatements (D:\Brethren\react-native-bubbles\node_modules\@storybook\builder-webpack5\node_modules\webpack\lib\javascript\JavascriptParser.js:1481:9)
    at D:\Brethren\react-native-bubbles\node_modules\@storybook\builder-webpack5\node_modules\webpack\lib\javascript\JavascriptParser.js:1655:9
    at JavascriptParser.inBlockScope (D:\Brethren\react-native-bubbles\node_modules\@storybook\builder-webpack5\node_modules\webpack\lib\javascript\JavascriptParser.js:3113:3)
    at JavascriptParser.walkBlockStatement (D:\Brethren\react-native-bubbles\node_modules\@storybook\builder-webpack5\node_modules\webpack\lib\javascript\JavascriptParser.js:1650:8)
    at JavascriptParser.walkStatement (D:\Brethren\react-native-bubbles\node_modules\@storybook\builder-webpack5\node_modules\webpack\lib\javascript\JavascriptParser.js:1572:10)
    at D:\Brethren\react-native-bubbles\node_modules\@storybook\builder-webpack5\node_modules\webpack\lib\javascript\JavascriptParser.js:2405:10
    at JavascriptParser.inFunctionScope (D:\Brethren\react-native-bubbles\node_modules\@storybook\builder-webpack5\node_modules\webpack\lib\javascript\JavascriptParser.js:3097:3)
    at JavascriptParser.walkFunctionExpression (D:\Brethren\react-native-bubbles\node_modules\@storybook\builder-webpack5\node_modules\webpack\lib\javascript\JavascriptParser.js:2396:8)
    at JavascriptParser.walkExpression (D:\Brethren\react-native-bubbles\node_modules\@storybook\builder-webpack5\node_modules\webpack\lib\javascript\JavascriptParser.js:2290:10)
    at getVarInfo (D:\Brethren\react-native-bubbles\node_modules\@storybook\builder-webpack5\node_modules\webpack\lib\javascript\JavascriptParser.js:2668:9)
    at Array.map (<anonymous>)
    at JavascriptParser._walkIIFE (D:\Brethren\react-native-bubbles\node_modules\@storybook\builder-webpack5\node_modules\webpack\lib\javascript\JavascriptParser.js:2673:34)
    at JavascriptParser.walkCallExpression (D:\Brethren\react-native-bubbles\node_modules\@storybook\builder-webpack5\node_modules\webpack\lib\javascript\JavascriptParser.js:2739:9)
    at JavascriptParser.walkExpression (D:\Brethren\react-native-bubbles\node_modules\@storybook\builder-webpack5\node_modules\webpack\lib\javascript\JavascriptParser.js:2278:10)
    at JavascriptParser.walkExpressionStatement (D:\Brethren\react-native-bubbles\node_modules\@storybook\builder-webpack5\node_modules\webpack\lib\javascript\JavascriptParser.js:1660:8)
    at JavascriptParser.walkStatement (D:\Brethren\react-native-bubbles\node_modules\@storybook\builder-webpack5\node_modules\webpack\lib\javascript\JavascriptParser.js:1587:10)
    at JavascriptParser.walkStatements (D:\Brethren\react-native-bubbles\node_modules\@storybook\builder-webpack5\node_modules\webpack\lib\javascript\JavascriptParser.js:1481:9)
    at JavascriptParser.parse (D:\Brethren\react-native-bubbles\node_modules\@storybook\builder-webpack5\node_modules\webpack\lib\javascript\JavascriptParser.js:3375:9)
    at D:\Brethren\react-native-bubbles\node_modules\@storybook\builder-webpack5\node_modules\webpack\lib\NormalModule.js:1087:26
    at processResult (D:\Brethren\react-native-bubbles\node_modules\@storybook\builder-webpack5\node_modules\webpack\lib\NormalModule.js:800:11)
    at D:\Brethren\react-native-bubbles\node_modules\@storybook\builder-webpack5\node_modules\webpack\lib\NormalModule.js:860:5
    at D:\Brethren\react-native-bubbles\node_modules\@storybook\builder-webpack5\node_modules\loader-runner\lib\LoaderRunner.js:407:3
    at iterateNormalLoaders (D:\Brethren\react-native-bubbles\node_modules\@storybook\builder-webpack5\node_modules\loader-runner\lib\LoaderRunner.js:233:10)
TypeError: left.isCompileTimeValue is not a function
    at handleStrictEqualityComparison (D:\Brethren\react-native-bubbles\node_modules\@storybook\builder-webpack5\node_modules\webpack\lib\javascript\JavascriptParser.js:565:29)
    at D:\Brethren\react-native-bubbles\node_modules\@storybook\builder-webpack5\node_modules\webpack\lib\javascript\JavascriptParser.js:790:13
    at Hook.eval [as call] (eval at create (D:\Brethren\react-native-bubbles\node_modules\@storybook\builder-webpack5\node_modules\tapable\lib\HookCodeFactory.js:19:10), <anonymous>:7:16)
    at JavascriptParser.evaluateExpression (D:\Brethren\react-native-bubbles\node_modules\@storybook\builder-webpack5\node_modules\webpack\lib\javascript\JavascriptParser.js:3215:25)
    at D:\Brethren\react-native-bubbles\node_modules\@storybook\builder-webpack5\node_modules\webpack\lib\ConstPlugin.js:247:30
    at Hook.eval [as call] (eval at create (D:\Brethren\react-native-bubbles\node_modules\@storybook\builder-webpack5\node_modules\tapable\lib\HookCodeFactory.js:19:10), <anonymous>:7:16)
    at JavascriptParser.walkLogicalExpression (D:\Brethren\react-native-bubbles\node_modules\@storybook\builder-webpack5\node_modules\webpack\lib\javascript\JavascriptParser.js:2494:55)
    at JavascriptParser.walkExpression (D:\Brethren\react-native-bubbles\node_modules\@storybook\builder-webpack5\node_modules\webpack\lib\javascript\JavascriptParser.js:2299:10)
    at JavascriptParser.walkConditionalExpression (D:\Brethren\react-native-bubbles\node_modules\@storybook\builder-webpack5\node_modules\webpack\lib\javascript\JavascriptParser.js:2577:9)
    at JavascriptParser.walkExpression (D:\Brethren\react-native-bubbles\node_modules\@storybook\builder-webpack5\node_modules\webpack\lib\javascript\JavascriptParser.js:2287:10)
    at JavascriptParser.walkConditionalExpression (D:\Brethren\react-native-bubbles\node_modules\@storybook\builder-webpack5\node_modules\webpack\lib\javascript\JavascriptParser.js:2580:10)
    at JavascriptParser.walkExpression (D:\Brethren\react-native-bubbles\node_modules\@storybook\builder-webpack5\node_modules\webpack\lib\javascript\JavascriptParser.js:2287:10)
    at JavascriptParser.walkVariableDeclaration (D:\Brethren\react-native-bubbles\node_modules\@storybook\builder-webpack5\node_modules\webpack\lib\javascript\JavascriptParser.js:2126:33)
    at JavascriptParser.walkStatement (D:\Brethren\react-native-bubbles\node_modules\@storybook\builder-webpack5\node_modules\webpack\lib\javascript\JavascriptParser.js:1620:10)
    at JavascriptParser.walkStatements (D:\Brethren\react-native-bubbles\node_modules\@storybook\builder-webpack5\node_modules\webpack\lib\javascript\JavascriptParser.js:1481:9)
    at D:\Brethren\react-native-bubbles\node_modules\@storybook\builder-webpack5\node_modules\webpack\lib\javascript\JavascriptParser.js:1655:9
    at JavascriptParser.inBlockScope (D:\Brethren\react-native-bubbles\node_modules\@storybook\builder-webpack5\node_modules\webpack\lib\javascript\JavascriptParser.js:3113:3)
    at JavascriptParser.walkBlockStatement (D:\Brethren\react-native-bubbles\node_modules\@storybook\builder-webpack5\node_modules\webpack\lib\javascript\JavascriptParser.js:1650:8)
    at JavascriptParser.walkStatement (D:\Brethren\react-native-bubbles\node_modules\@storybook\builder-webpack5\node_modules\webpack\lib\javascript\JavascriptParser.js:1572:10)
    at D:\Brethren\react-native-bubbles\node_modules\@storybook\builder-webpack5\node_modules\webpack\lib\javascript\JavascriptParser.js:2700:10
    at JavascriptParser.inFunctionScope (D:\Brethren\react-native-bubbles\node_modules\@storybook\builder-webpack5\node_modules\webpack\lib\javascript\JavascriptParser.js:3097:3)
    at JavascriptParser._walkIIFE (D:\Brethren\react-native-bubbles\node_modules\@storybook\builder-webpack5\node_modules\webpack\lib\javascript\JavascriptParser.js:2685:8)
    at JavascriptParser.walkCallExpression (D:\Brethren\react-native-bubbles\node_modules\@storybook\builder-webpack5\node_modules\webpack\lib\javascript\JavascriptParser.js:2739:9)
    at JavascriptParser.walkExpression (D:\Brethren\react-native-bubbles\node_modules\@storybook\builder-webpack5\node_modules\webpack\lib\javascript\JavascriptParser.js:2278:10)
    at JavascriptParser.walkVariableDeclaration (D:\Brethren\react-native-bubbles\node_modules\@storybook\builder-webpack5\node_modules\webpack\lib\javascript\JavascriptParser.js:2126:33)
    at JavascriptParser.walkStatement (D:\Brethren\react-native-bubbles\node_modules\@storybook\builder-webpack5\node_modules\webpack\lib\javascript\JavascriptParser.js:1620:10)
    at JavascriptParser.walkStatements (D:\Brethren\react-native-bubbles\node_modules\@storybook\builder-webpack5\node_modules\webpack\lib\javascript\JavascriptParser.js:1481:9)
    at D:\Brethren\react-native-bubbles\node_modules\@storybook\builder-webpack5\node_modules\webpack\lib\javascript\JavascriptParser.js:1655:9
    at JavascriptParser.inBlockScope (D:\Brethren\react-native-bubbles\node_modules\@storybook\builder-webpack5\node_modules\webpack\lib\javascript\JavascriptParser.js:3113:3)
    at JavascriptParser.walkBlockStatement (D:\Brethren\react-native-bubbles\node_modules\@storybook\builder-webpack5\node_modules\webpack\lib\javascript\JavascriptParser.js:1650:8)
    at JavascriptParser.walkStatement (D:\Brethren\react-native-bubbles\node_modules\@storybook\builder-webpack5\node_modules\webpack\lib\javascript\JavascriptParser.js:1572:10)
    at D:\Brethren\react-native-bubbles\node_modules\@storybook\builder-webpack5\node_modules\webpack\lib\javascript\JavascriptParser.js:2405:10
    at JavascriptParser.inFunctionScope (D:\Brethren\react-native-bubbles\node_modules\@storybook\builder-webpack5\node_modules\webpack\lib\javascript\JavascriptParser.js:3097:3)
    at JavascriptParser.walkFunctionExpression (D:\Brethren\react-native-bubbles\node_modules\@storybook\builder-webpack5\node_modules\webpack\lib\javascript\JavascriptParser.js:2396:8)
    at JavascriptParser.walkExpression (D:\Brethren\react-native-bubbles\node_modules\@storybook\builder-webpack5\node_modules\webpack\lib\javascript\JavascriptParser.js:2290:10)
    at getVarInfo (D:\Brethren\react-native-bubbles\node_modules\@storybook\builder-webpack5\node_modules\webpack\lib\javascript\JavascriptParser.js:2668:9)
    at Array.map (<anonymous>)
    at JavascriptParser._walkIIFE (D:\Brethren\react-native-bubbles\node_modules\@storybook\builder-webpack5\node_modules\webpack\lib\javascript\JavascriptParser.js:2673:34)
    at JavascriptParser.walkCallExpression (D:\Brethren\react-native-bubbles\node_modules\@storybook\builder-webpack5\node_modules\webpack\lib\javascript\JavascriptParser.js:2739:9)
    at JavascriptParser.walkExpression (D:\Brethren\react-native-bubbles\node_modules\@storybook\builder-webpack5\node_modules\webpack\lib\javascript\JavascriptParser.js:2278:10)
    at JavascriptParser.walkExpressionStatement (D:\Brethren\react-native-bubbles\node_modules\@storybook\builder-webpack5\node_modules\webpack\lib\javascript\JavascriptParser.js:1660:8)
    at JavascriptParser.walkStatement (D:\Brethren\react-native-bubbles\node_modules\@storybook\builder-webpack5\node_modules\webpack\lib\javascript\JavascriptParser.js:1587:10)
    at JavascriptParser.walkStatements (D:\Brethren\react-native-bubbles\node_modules\@storybook\builder-webpack5\node_modules\webpack\lib\javascript\JavascriptParser.js:1481:9)
    at JavascriptParser.parse (D:\Brethren\react-native-bubbles\node_modules\@storybook\builder-webpack5\node_modules\webpack\lib\javascript\JavascriptParser.js:3375:9)
    at D:\Brethren\react-native-bubbles\node_modules\@storybook\builder-webpack5\node_modules\webpack\lib\NormalModule.js:1087:26
    at processResult (D:\Brethren\react-native-bubbles\node_modules\@storybook\builder-webpack5\node_modules\webpack\lib\NormalModule.js:800:11)
    at D:\Brethren\react-native-bubbles\node_modules\@storybook\builder-webpack5\node_modules\webpack\lib\NormalModule.js:860:5
    at D:\Brethren\react-native-bubbles\node_modules\@storybook\builder-webpack5\node_modules\loader-runner\lib\LoaderRunner.js:407:3
    at iterateNormalLoaders (D:\Brethren\react-native-bubbles\node_modules\@storybook\builder-webpack5\node_modules\loader-runner\lib\LoaderRunner.js:233:10)
    at D:\Brethren\react-native-bubbles\node_modules\@storybook\builder-webpack5\node_modules\loader-runner\lib\LoaderRunner.js:224:4
<s> [webpack.Progress] 18% building 2/13 entries 5400/5453 dependencies 585/939 modules
<s> [webpack.Progress] 18% building 2/13 entries 5826/5900 dependencies 696/1023 modules
<s> [webpack.Progress] 20% building import loader ./node_modules/@storybook/addon-docs/node_modules/babel-loader/lib/index.js
<s> [webpack.Progress] 20% building 2/13 entries 6359/6409 dependencies 938/1182 modules
<s> [webpack.Progress] 20% building 2/13 entries 6400/6425 dependencies 955/1205 modules
Browserslist: caniuse-lite is outdated. Please run:
  npx browserslist@latest --update-db
  Why you should do it regularly: https://github.com/browserslist/browserslist#browsers-data-updating
Though the "loose" option was set to "false" in your @babel/preset-env config, it will not be used for @babel/plugin-proposal-private-methods since the "loose" mode option was set to "true" for @babel/plugin-proposal-class-properties.
The "loose" option must be the same for @babel/plugin-proposal-class-properties, @babel/plugin-proposal-private-methods and @babel/plugin-proposal-private-property-in-object (when they are enabled): you can silence this warning by explicitly adding
	["@babel/plugin-proposal-private-methods", { "loose": true }]
to the "plugins" section of your Babel config.
Though the "loose" option was set to "false" in your @babel/preset-env config, it will not be used for @babel/plugin-proposal-private-property-in-object since the "loose" mode option was set to "true" for @babel/plugin-proposal-class-properties.
The "loose" option must be the same for @babel/plugin-proposal-class-properties, @babel/plugin-proposal-private-methods and @babel/plugin-proposal-private-property-in-object (when they are enabled): you can silence this warning by explicitly adding
	["@babel/plugin-proposal-private-property-in-object", { "loose": true }]
to the "plugins" section of your Babel config.
<s> [webpack.Progress] 20% building 2/13 entries 6549/6600 dependencies 995/1226 modules
<s> [webpack.Progress] 21% building 2/13 entries 6800/6840 dependencies 1053/1279 modules
Though the "loose" option was set to "false" in your @babel/preset-env config, it will not be used for @babel/plugin-proposal-private-methods since the "loose" mode option was set to "true" for @babel/plugin-proposal-class-properties.
The "loose" option must be the same for @babel/plugin-proposal-class-properties, @babel/plugin-proposal-private-methods and @babel/plugin-proposal-private-property-in-object (when they are enabled): you can silence this warning by explicitly adding
	["@babel/plugin-proposal-private-methods", { "loose": true }]
to the "plugins" section of your Babel config.
Though the "loose" option was set to "false" in your @babel/preset-env config, it will not be used for @babel/plugin-proposal-private-property-in-object since the "loose" mode option was set to "true" for @babel/plugin-proposal-class-properties.
The "loose" option must be the same for @babel/plugin-proposal-class-properties, @babel/plugin-proposal-private-methods and @babel/plugin-proposal-private-property-in-object (when they are enabled): you can silence this warning by explicitly adding
	["@babel/plugin-proposal-private-property-in-object", { "loose": true }]
to the "plugins" section of your Babel config.
<s> [webpack.Progress] 22% building 3/13 entries 6910/6976 dependencies 1117/1313 modules
<s> [webpack.Progress] 26% building 4/13 entries 6910/6976 dependencies 1118/1313 modules
<s> [webpack.Progress] 31% building 5/13 entries 6910/6976 dependencies 1119/1313 modules
<s> [webpack.Progress] 35% building 6/13 entries 6910/6976 dependencies 1120/1313 modules
<s> [webpack.Progress] 39% building 7/13 entries 6910/6976 dependencies 1121/1313 modules
<s> [webpack.Progress] 43% building 8/13 entries 6910/6976 dependencies 1122/1313 modules
<s> [webpack.Progress] 48% building 9/13 entries 6910/6976 dependencies 1123/1313 modules
<s> [webpack.Progress] 52% building 10/13 entries 6929/6976 dependencies 1131/1313 modules
<s> [webpack.Progress] 56% building 11/13 entries 6929/6976 dependencies 1132/1313 modules
TypeError: left.isCompileTimeValue is not a function
    at handleStrictEqualityComparison (D:\Brethren\react-native-bubbles\node_modules\@storybook\builder-webpack5\node_modules\webpack\lib\javascript\JavascriptParser.js:565:29)
    at D:\Brethren\react-native-bubbles\node_modules\@storybook\builder-webpack5\node_modules\webpack\lib\javascript\JavascriptParser.js:790:13
    at Hook.eval [as call] (eval at create (D:\Brethren\react-native-bubbles\node_modules\@storybook\builder-webpack5\node_modules\tapable\lib\HookCodeFactory.js:19:10), <anonymous>:7:16)
    at JavascriptParser.evaluateExpression (D:\Brethren\react-native-bubbles\node_modules\@storybook\builder-webpack5\node_modules\webpack\lib\javascript\JavascriptParser.js:3215:25)
    at D:\Brethren\react-native-bubbles\node_modules\@storybook\builder-webpack5\node_modules\webpack\lib\javascript\JavascriptParser.js:433:23
    at Hook.eval [as call] (eval at create (D:\Brethren\react-native-bubbles\node_modules\@storybook\builder-webpack5\node_modules\tapable\lib\HookCodeFactory.js:19:10), <anonymous>:7:16)
    at JavascriptParser.evaluateExpression (D:\Brethren\react-native-bubbles\node_modules\@storybook\builder-webpack5\node_modules\webpack\lib\javascript\JavascriptParser.js:3215:25)
    at D:\Brethren\react-native-bubbles\node_modules\@storybook\builder-webpack5\node_modules\webpack\lib\javascript\JavascriptParser.js:433:23
    at Hook.eval [as call] (eval at create (D:\Brethren\react-native-bubbles\node_modules\@storybook\builder-webpack5\node_modules\tapable\lib\HookCodeFactory.js:19:10), <anonymous>:7:16)
    at JavascriptParser.evaluateExpression (D:\Brethren\react-native-bubbles\node_modules\@storybook\builder-webpack5\node_modules\webpack\lib\javascript\JavascriptParser.js:3215:25)
    at D:\Brethren\react-native-bubbles\node_modules\@storybook\builder-webpack5\node_modules\webpack\lib\ConstPlugin.js:135:28
    at Hook.eval [as call] (eval at create (D:\Brethren\react-native-bubbles\node_modules\@storybook\builder-webpack5\node_modules\tapable\lib\HookCodeFactory.js:19:10), <anonymous>:7:16)
    at JavascriptParser.walkIfStatement (D:\Brethren\react-native-bubbles\node_modules\@storybook\builder-webpack5\node_modules\webpack\lib\javascript\JavascriptParser.js:1671:41)
    at JavascriptParser.walkStatement (D:\Brethren\react-native-bubbles\node_modules\@storybook\builder-webpack5\node_modules\webpack\lib\javascript\JavascriptParser.js:1602:10)
    at JavascriptParser.walkStatements (D:\Brethren\react-native-bubbles\node_modules\@storybook\builder-webpack5\node_modules\webpack\lib\javascript\JavascriptParser.js:1481:9)
    at D:\Brethren\react-native-bubbles\node_modules\@storybook\builder-webpack5\node_modules\webpack\lib\javascript\JavascriptParser.js:1655:9
    at JavascriptParser.inBlockScope (D:\Brethren\react-native-bubbles\node_modules\@storybook\builder-webpack5\node_modules\webpack\lib\javascript\JavascriptParser.js:3113:3)
    at JavascriptParser.walkBlockStatement (D:\Brethren\react-native-bubbles\node_modules\@storybook\builder-webpack5\node_modules\webpack\lib\javascript\JavascriptParser.js:1650:8)
    at JavascriptParser.walkStatement (D:\Brethren\react-native-bubbles\node_modules\@storybook\builder-webpack5\node_modules\webpack\lib\javascript\JavascriptParser.js:1572:10)
    at JavascriptParser.walkNestedStatement (D:\Brethren\react-native-bubbles\node_modules\@storybook\builder-webpack5\node_modules\webpack\lib\javascript\JavascriptParser.js:1641:8)
    at JavascriptParser.walkIfStatement (D:\Brethren\react-native-bubbles\node_modules\@storybook\builder-webpack5\node_modules\webpack\lib\javascript\JavascriptParser.js:1676:10)
    at JavascriptParser.walkStatement (D:\Brethren\react-native-bubbles\node_modules\@storybook\builder-webpack5\node_modules\webpack\lib\javascript\JavascriptParser.js:1602:10)
    at JavascriptParser.walkStatements (D:\Brethren\react-native-bubbles\node_modules\@storybook\builder-webpack5\node_modules\webpack\lib\javascript\JavascriptParser.js:1481:9)
    at D:\Brethren\react-native-bubbles\node_modules\@storybook\builder-webpack5\node_modules\webpack\lib\javascript\JavascriptParser.js:1655:9
    at JavascriptParser.inBlockScope (D:\Brethren\react-native-bubbles\node_modules\@storybook\builder-webpack5\node_modules\webpack\lib\javascript\JavascriptParser.js:3113:3)
    at JavascriptParser.walkBlockStatement (D:\Brethren\react-native-bubbles\node_modules\@storybook\builder-webpack5\node_modules\webpack\lib\javascript\JavascriptParser.js:1650:8)
    at JavascriptParser.walkStatement (D:\Brethren\react-native-bubbles\node_modules\@storybook\builder-webpack5\node_modules\webpack\lib\javascript\JavascriptParser.js:1572:10)
    at JavascriptParser.walkNestedStatement (D:\Brethren\react-native-bubbles\node_modules\@storybook\builder-webpack5\node_modules\webpack\lib\javascript\JavascriptParser.js:1641:8)
    at JavascriptParser.walkIfStatement (D:\Brethren\react-native-bubbles\node_modules\@storybook\builder-webpack5\node_modules\webpack\lib\javascript\JavascriptParser.js:1676:10)
    at JavascriptParser.walkStatement (D:\Brethren\react-native-bubbles\node_modules\@storybook\builder-webpack5\node_modules\webpack\lib\javascript\JavascriptParser.js:1602:10)
    at JavascriptParser.walkStatements (D:\Brethren\react-native-bubbles\node_modules\@storybook\builder-webpack5\node_modules\webpack\lib\javascript\JavascriptParser.js:1481:9)
    at JavascriptParser.parse (D:\Brethren\react-native-bubbles\node_modules\@storybook\builder-webpack5\node_modules\webpack\lib\javascript\JavascriptParser.js:3375:9)
    at D:\Brethren\react-native-bubbles\node_modules\@storybook\builder-webpack5\node_modules\webpack\lib\NormalModule.js:1087:26
    at processResult (D:\Brethren\react-native-bubbles\node_modules\@storybook\builder-webpack5\node_modules\webpack\lib\NormalModule.js:800:11)
    at D:\Brethren\react-native-bubbles\node_modules\@storybook\builder-webpack5\node_modules\webpack\lib\NormalModule.js:860:5
    at D:\Brethren\react-native-bubbles\node_modules\@storybook\builder-webpack5\node_modules\loader-runner\lib\LoaderRunner.js:407:3
    at iterateNormalLoaders (D:\Brethren\react-native-bubbles\node_modules\@storybook\builder-webpack5\node_modules\loader-runner\lib\LoaderRunner.js:233:10)
    at D:\Brethren\react-native-bubbles\node_modules\@storybook\builder-webpack5\node_modules\loader-runner\lib\LoaderRunner.js:224:4
    at D:\Brethren\react-native-bubbles\node_modules\@storybook\builder-webpack5\node_modules\webpack\lib\NormalModule.js:834:15
    at Array.eval (eval at create (D:\Brethren\react-native-bubbles\node_modules\@storybook\builder-webpack5\node_modules\tapable\lib\HookCodeFactory.js:33:10), <anonymous>:12:1)
    at runCallbacks (D:\Brethren\react-native-bubbles\node_modules\@storybook\builder-webpack5\node_modules\enhanced-resolve\lib\CachedInputFileSystem.js:27:15)
    at D:\Brethren\react-native-bubbles\node_modules\@storybook\builder-webpack5\node_modules\enhanced-resolve\lib\CachedInputFileSystem.js:200:4
    at D:\Brethren\react-native-bubbles\node_modules\@storybook\builder-webpack5\node_modules\graceful-fs\graceful-fs.js:123:16
    at FSReqCallback.readFileAfterClose [as oncomplete] (node:internal/fs/read_file_context:68:3)
TypeError: left.isCompileTimeValue is not a function
    at handleStrictEqualityComparison (D:\Brethren\react-native-bubbles\node_modules\@storybook\builder-webpack5\node_modules\webpack\lib\javascript\JavascriptParser.js:565:29)
    at D:\Brethren\react-native-bubbles\node_modules\@storybook\builder-webpack5\node_modules\webpack\lib\javascript\JavascriptParser.js:790:13
    at Hook.eval [as call] (eval at create (D:\Brethren\react-native-bubbles\node_modules\@storybook\builder-webpack5\node_modules\tapable\lib\HookCodeFactory.js:19:10), <anonymous>:7:16)
    at JavascriptParser.evaluateExpression (D:\Brethren\react-native-bubbles\node_modules\@storybook\builder-webpack5\node_modules\webpack\lib\javascript\JavascriptParser.js:3215:25)
    at D:\Brethren\react-native-bubbles\node_modules\@storybook\builder-webpack5\node_modules\webpack\lib\javascript\JavascriptParser.js:433:23
    at Hook.eval [as call] (eval at create (D:\Brethren\react-native-bubbles\node_modules\@storybook\builder-webpack5\node_modules\tapable\lib\HookCodeFactory.js:19:10), <anonymous>:7:16)
    at JavascriptParser.evaluateExpression (D:\Brethren\react-native-bubbles\node_modules\@storybook\builder-webpack5\node_modules\webpack\lib\javascript\JavascriptParser.js:3215:25)
    at D:\Brethren\react-native-bubbles\node_modules\@storybook\builder-webpack5\node_modules\webpack\lib\ConstPlugin.js:247:30
    at Hook.eval [as call] (eval at create (D:\Brethren\react-native-bubbles\node_modules\@storybook\builder-webpack5\node_modules\tapable\lib\HookCodeFactory.js:19:10), <anonymous>:7:16)
    at JavascriptParser.walkLogicalExpression (D:\Brethren\react-native-bubbles\node_modules\@storybook\builder-webpack5\node_modules\webpack\lib\javascript\JavascriptParser.js:2494:55)
    at JavascriptParser.walkExpression (D:\Brethren\react-native-bubbles\node_modules\@storybook\builder-webpack5\node_modules\webpack\lib\javascript\JavascriptParser.js:2299:10)
    at JavascriptParser.walkIfStatement (D:\Brethren\react-native-bubbles\node_modules\@storybook\builder-webpack5\node_modules\webpack\lib\javascript\JavascriptParser.js:1673:9)
    at JavascriptParser.walkStatement (D:\Brethren\react-native-bubbles\node_modules\@storybook\builder-webpack5\node_modules\webpack\lib\javascript\JavascriptParser.js:1602:10)
    at JavascriptParser.walkStatements (D:\Brethren\react-native-bubbles\node_modules\@storybook\builder-webpack5\node_modules\webpack\lib\javascript\JavascriptParser.js:1481:9)
    at D:\Brethren\react-native-bubbles\node_modules\@storybook\builder-webpack5\node_modules\webpack\lib\javascript\JavascriptParser.js:1655:9
    at JavascriptParser.inBlockScope (D:\Brethren\react-native-bubbles\node_modules\@storybook\builder-webpack5\node_modules\webpack\lib\javascript\JavascriptParser.js:3113:3)
    at JavascriptParser.walkBlockStatement (D:\Brethren\react-native-bubbles\node_modules\@storybook\builder-webpack5\node_modules\webpack\lib\javascript\JavascriptParser.js:1650:8)
    at JavascriptParser.walkStatement (D:\Brethren\react-native-bubbles\node_modules\@storybook\builder-webpack5\node_modules\webpack\lib\javascript\JavascriptParser.js:1572:10)
    at JavascriptParser.walkNestedStatement (D:\Brethren\react-native-bubbles\node_modules\@storybook\builder-webpack5\node_modules\webpack\lib\javascript\JavascriptParser.js:1641:8)
    at JavascriptParser.walkIfStatement (D:\Brethren\react-native-bubbles\node_modules\@storybook\builder-webpack5\node_modules\webpack\lib\javascript\JavascriptParser.js:1676:10)
    at JavascriptParser.walkStatement (D:\Brethren\react-native-bubbles\node_modules\@storybook\builder-webpack5\node_modules\webpack\lib\javascript\JavascriptParser.js:1602:10)
    at JavascriptParser.walkStatements (D:\Brethren\react-native-bubbles\node_modules\@storybook\builder-webpack5\node_modules\webpack\lib\javascript\JavascriptParser.js:1481:9)
    at D:\Brethren\react-native-bubbles\node_modules\@storybook\builder-webpack5\node_modules\webpack\lib\javascript\JavascriptParser.js:1655:9
    at JavascriptParser.inBlockScope (D:\Brethren\react-native-bubbles\node_modules\@storybook\builder-webpack5\node_modules\webpack\lib\javascript\JavascriptParser.js:3113:3)
    at JavascriptParser.walkBlockStatement (D:\Brethren\react-native-bubbles\node_modules\@storybook\builder-webpack5\node_modules\webpack\lib\javascript\JavascriptParser.js:1650:8)
    at JavascriptParser.walkStatement (D:\Brethren\react-native-bubbles\node_modules\@storybook\builder-webpack5\node_modules\webpack\lib\javascript\JavascriptParser.js:1572:10)
    at JavascriptParser.walkNestedStatement (D:\Brethren\react-native-bubbles\node_modules\@storybook\builder-webpack5\node_modules\webpack\lib\javascript\JavascriptParser.js:1641:8)
    at JavascriptParser.walkIfStatement (D:\Brethren\react-native-bubbles\node_modules\@storybook\builder-webpack5\node_modules\webpack\lib\javascript\JavascriptParser.js:1676:10)
    at JavascriptParser.walkStatement (D:\Brethren\react-native-bubbles\node_modules\@storybook\builder-webpack5\node_modules\webpack\lib\javascript\JavascriptParser.js:1602:10)
    at JavascriptParser.walkStatements (D:\Brethren\react-native-bubbles\node_modules\@storybook\builder-webpack5\node_modules\webpack\lib\javascript\JavascriptParser.js:1481:9)
    at JavascriptParser.parse (D:\Brethren\react-native-bubbles\node_modules\@storybook\builder-webpack5\node_modules\webpack\lib\javascript\JavascriptParser.js:3375:9)
    at D:\Brethren\react-native-bubbles\node_modules\@storybook\builder-webpack5\node_modules\webpack\lib\NormalModule.js:1087:26
    at processResult (D:\Brethren\react-native-bubbles\node_modules\@storybook\builder-webpack5\node_modules\webpack\lib\NormalModule.js:800:11)
    at D:\Brethren\react-native-bubbles\node_modules\@storybook\builder-webpack5\node_modules\webpack\lib\NormalModule.js:860:5
    at D:\Brethren\react-native-bubbles\node_modules\@storybook\builder-webpack5\node_modules\loader-runner\lib\LoaderRunner.js:407:3
    at iterateNormalLoaders (D:\Brethren\react-native-bubbles\node_modules\@storybook\builder-webpack5\node_modules\loader-runner\lib\LoaderRunner.js:233:10)
    at D:\Brethren\react-native-bubbles\node_modules\@storybook\builder-webpack5\node_modules\loader-runner\lib\LoaderRunner.js:224:4
    at D:\Brethren\react-native-bubbles\node_modules\@storybook\builder-webpack5\node_modules\webpack\lib\NormalModule.js:834:15
    at Array.eval (eval at create (D:\Brethren\react-native-bubbles\node_modules\@storybook\builder-webpack5\node_modules\tapable\lib\HookCodeFactory.js:33:10), <anonymous>:12:1)
    at runCallbacks (D:\Brethren\react-native-bubbles\node_modules\@storybook\builder-webpack5\node_modules\enhanced-resolve\lib\CachedInputFileSystem.js:27:15)
    at D:\Brethren\react-native-bubbles\node_modules\@storybook\builder-webpack5\node_modules\enhanced-resolve\lib\CachedInputFileSystem.js:200:4
    at D:\Brethren\react-native-bubbles\node_modules\@storybook\builder-webpack5\node_modules\graceful-fs\graceful-fs.js:123:16
    at FSReqCallback.readFileAfterClose [as oncomplete] (node:internal/fs/read_file_context:68:3)
TypeError: left.isCompileTimeValue is not a function
    at handleStrictEqualityComparison (D:\Brethren\react-native-bubbles\node_modules\@storybook\builder-webpack5\node_modules\webpack\lib\javascript\JavascriptParser.js:565:29)
    at D:\Brethren\react-native-bubbles\node_modules\@storybook\builder-webpack5\node_modules\webpack\lib\javascript\JavascriptParser.js:790:13
    at Hook.eval [as call] (eval at create (D:\Brethren\react-native-bubbles\node_modules\@storybook\builder-webpack5\node_modules\tapable\lib\HookCodeFactory.js:19:10), <anonymous>:7:16)
    at JavascriptParser.evaluateExpression (D:\Brethren\react-native-bubbles\node_modules\@storybook\builder-webpack5\node_modules\webpack\lib\javascript\JavascriptParser.js:3215:25)
    at D:\Brethren\react-native-bubbles\node_modules\@storybook\builder-webpack5\node_modules\webpack\lib\ConstPlugin.js:247:30
    at Hook.eval [as call] (eval at create (D:\Brethren\react-native-bubbles\node_modules\@storybook\builder-webpack5\node_modules\tapable\lib\HookCodeFactory.js:19:10), <anonymous>:7:16)
    at JavascriptParser.walkLogicalExpression (D:\Brethren\react-native-bubbles\node_modules\@storybook\builder-webpack5\node_modules\webpack\lib\javascript\JavascriptParser.js:2494:55)
    at JavascriptParser.walkExpression (D:\Brethren\react-native-bubbles\node_modules\@storybook\builder-webpack5\node_modules\webpack\lib\javascript\JavascriptParser.js:2299:10)
    at JavascriptParser.walkLeftRightExpression (D:\Brethren\react-native-bubbles\node_modules\@storybook\builder-webpack5\node_modules\webpack\lib\javascript\JavascriptParser.js:2483:8)
    at JavascriptParser.walkLogicalExpression (D:\Brethren\react-native-bubbles\node_modules\@storybook\builder-webpack5\node_modules\webpack\lib\javascript\JavascriptParser.js:2496:9)
    at JavascriptParser.walkExpression (D:\Brethren\react-native-bubbles\node_modules\@storybook\builder-webpack5\node_modules\webpack\lib\javascript\JavascriptParser.js:2299:10)
    at JavascriptParser.walkIfStatement (D:\Brethren\react-native-bubbles\node_modules\@storybook\builder-webpack5\node_modules\webpack\lib\javascript\JavascriptParser.js:1673:9)
    at JavascriptParser.walkStatement (D:\Brethren\react-native-bubbles\node_modules\@storybook\builder-webpack5\node_modules\webpack\lib\javascript\JavascriptParser.js:1602:10)
    at JavascriptParser.walkStatements (D:\Brethren\react-native-bubbles\node_modules\@storybook\builder-webpack5\node_modules\webpack\lib\javascript\JavascriptParser.js:1481:9)
    at D:\Brethren\react-native-bubbles\node_modules\@storybook\builder-webpack5\node_modules\webpack\lib\javascript\JavascriptParser.js:1655:9
    at JavascriptParser.inBlockScope (D:\Brethren\react-native-bubbles\node_modules\@storybook\builder-webpack5\node_modules\webpack\lib\javascript\JavascriptParser.js:3113:3)
    at JavascriptParser.walkBlockStatement (D:\Brethren\react-native-bubbles\node_modules\@storybook\builder-webpack5\node_modules\webpack\lib\javascript\JavascriptParser.js:1650:8)
    at JavascriptParser.walkStatement (D:\Brethren\react-native-bubbles\node_modules\@storybook\builder-webpack5\node_modules\webpack\lib\javascript\JavascriptParser.js:1572:10)
    at JavascriptParser.walkNestedStatement (D:\Brethren\react-native-bubbles\node_modules\@storybook\builder-webpack5\node_modules\webpack\lib\javascript\JavascriptParser.js:1641:8)
    at JavascriptParser.walkIfStatement (D:\Brethren\react-native-bubbles\node_modules\@storybook\builder-webpack5\node_modules\webpack\lib\javascript\JavascriptParser.js:1676:10)
    at JavascriptParser.walkStatement (D:\Brethren\react-native-bubbles\node_modules\@storybook\builder-webpack5\node_modules\webpack\lib\javascript\JavascriptParser.js:1602:10)
    at JavascriptParser.walkStatements (D:\Brethren\react-native-bubbles\node_modules\@storybook\builder-webpack5\node_modules\webpack\lib\javascript\JavascriptParser.js:1481:9)
    at D:\Brethren\react-native-bubbles\node_modules\@storybook\builder-webpack5\node_modules\webpack\lib\javascript\JavascriptParser.js:1655:9
    at JavascriptParser.inBlockScope (D:\Brethren\react-native-bubbles\node_modules\@storybook\builder-webpack5\node_modules\webpack\lib\javascript\JavascriptParser.js:3113:3)
    at JavascriptParser.walkBlockStatement (D:\Brethren\react-native-bubbles\node_modules\@storybook\builder-webpack5\node_modules\webpack\lib\javascript\JavascriptParser.js:1650:8)
    at JavascriptParser.walkStatement (D:\Brethren\react-native-bubbles\node_modules\@storybook\builder-webpack5\node_modules\webpack\lib\javascript\JavascriptParser.js:1572:10)
    at JavascriptParser.walkNestedStatement (D:\Brethren\react-native-bubbles\node_modules\@storybook\builder-webpack5\node_modules\webpack\lib\javascript\JavascriptParser.js:1641:8)
    at JavascriptParser.walkIfStatement (D:\Brethren\react-native-bubbles\node_modules\@storybook\builder-webpack5\node_modules\webpack\lib\javascript\JavascriptParser.js:1676:10)
    at JavascriptParser.walkStatement (D:\Brethren\react-native-bubbles\node_modules\@storybook\builder-webpack5\node_modules\webpack\lib\javascript\JavascriptParser.js:1602:10)
    at JavascriptParser.walkStatements (D:\Brethren\react-native-bubbles\node_modules\@storybook\builder-webpack5\node_modules\webpack\lib\javascript\JavascriptParser.js:1481:9)
    at JavascriptParser.parse (D:\Brethren\react-native-bubbles\node_modules\@storybook\builder-webpack5\node_modules\webpack\lib\javascript\JavascriptParser.js:3375:9)
    at D:\Brethren\react-native-bubbles\node_modules\@storybook\builder-webpack5\node_modules\webpack\lib\NormalModule.js:1087:26
    at processResult (D:\Brethren\react-native-bubbles\node_modules\@storybook\builder-webpack5\node_modules\webpack\lib\NormalModule.js:800:11)
    at D:\Brethren\react-native-bubbles\node_modules\@storybook\builder-webpack5\node_modules\webpack\lib\NormalModule.js:860:5
    at D:\Brethren\react-native-bubbles\node_modules\@storybook\builder-webpack5\node_modules\loader-runner\lib\LoaderRunner.js:407:3
    at iterateNormalLoaders (D:\Brethren\react-native-bubbles\node_modules\@storybook\builder-webpack5\node_modules\loader-runner\lib\LoaderRunner.js:233:10)
    at D:\Brethren\react-native-bubbles\node_modules\@storybook\builder-webpack5\node_modules\loader-runner\lib\LoaderRunner.js:224:4
    at D:\Brethren\react-native-bubbles\node_modules\@storybook\builder-webpack5\node_modules\webpack\lib\NormalModule.js:834:15
    at Array.eval (eval at create (D:\Brethren\react-native-bubbles\node_modules\@storybook\builder-webpack5\node_modules\tapable\lib\HookCodeFactory.js:33:10), <anonymous>:12:1)
    at runCallbacks (D:\Brethren\react-native-bubbles\node_modules\@storybook\builder-webpack5\node_modules\enhanced-resolve\lib\CachedInputFileSystem.js:27:15)
    at D:\Brethren\react-native-bubbles\node_modules\@storybook\builder-webpack5\node_modules\enhanced-resolve\lib\CachedInputFileSystem.js:200:4
    at D:\Brethren\react-native-bubbles\node_modules\@storybook\builder-webpack5\node_modules\graceful-fs\graceful-fs.js:123:16
    at FSReqCallback.readFileAfterClose [as oncomplete] (node:internal/fs/read_file_context:68:3)
<s> [webpack.Progress] 60% building 12/13 entries 7320/7320 dependencies 1375/1390 modules
<s> [webpack.Progress] 65% building 13/13 entries 7324/7324 dependencies 1392/1392 modules
<s> [webpack.Progress] 65% building
<s> [webpack.Progress] 69% building finish
<s> [webpack.Progress] 69% building finish
<s> [webpack.Progress] 70% sealing finish module graph
<s> [webpack.Progress] 70% sealing finish module graph ResolverCachePlugin
<s> [webpack.Progress] 70% sealing finish module graph InferAsyncModulesPlugin
<s> [webpack.Progress] 70% sealing finish module graph FlagDependencyExportsPlugin
<s> [webpack.Progress] 70% sealing finish module graph InnerGraphPlugin
<s> [webpack.Progress] 70% sealing finish module graph WasmFinalizeExportsPlugin
<s> [webpack.Progress] 70% sealing finish module graph
<s> [webpack.Progress] 70% sealing plugins
<s> [webpack.Progress] 70% sealing plugins DocGenPlugin
DeprecationWarning: 'createIdentifier' has been deprecated since v4.0.0. Use the appropriate method on 'ts.factory' or the 'factory' supplied by your transformation context instead.
DeprecationWarning: '' has been deprecated since v4.0.0. Use the appropriate method on 'ts.factory' or the 'factory' supplied by your transformation context instead.
DeprecationWarning: 'createLiteral' has been deprecated since v4.0.0. Use `factory.createStringLiteral`, `factory.createStringLiteralFromNode`, `factory.createNumericLiteral`, `factory.createBigIntLiteral`, `factory.createTrue`, `factory.createFalse`, or the factory supplied by your transformation context instead.
DeprecationWarning: 'createBinaryExpression' has been deprecated since v4.0.0. Use the appropriate method on 'ts.factory' or the 'factory' supplied by your transformation context instead.
DeprecationWarning: 'createExpressionStatement' has been deprecated since v4.0.0. Use the appropriate method on 'ts.factory' or the 'factory' supplied by your transformation context instead.
DeprecationWarning: 'createPropertyAssignment' has been deprecated since v4.0.0. Use the appropriate method on 'ts.factory' or the 'factory' supplied by your transformation context instead.
DeprecationWarning: 'createObjectLiteralExpression' has been deprecated since v4.0.0. Use the appropriate method on 'ts.factory' or the 'factory' supplied by your transformation context instead.
DeprecationWarning: 'createFalse' has been deprecated since v4.0.0. Use the appropriate method on 'ts.factory' or the 'factory' supplied by your transformation context instead.
DeprecationWarning: 'createArrayLiteralExpression' has been deprecated since v4.0.0. Use the appropriate method on 'ts.factory' or the 'factory' supplied by your transformation context instead.
DeprecationWarning: 'createNull' has been deprecated since v4.0.0. Use the appropriate method on 'ts.factory' or the 'factory' supplied by your transformation context instead.
DeprecationWarning: 'createExpressionStatement' has been deprecated since v4.0.0. Use the appropriate method on 'ts.factory' or the 'factory' supplied by your transformation context instead.
DeprecationWarning: 'createTypeOfExpression' has been deprecated since v4.0.0. Use the appropriate method on 'ts.factory' or the 'factory' supplied by your transformation context instead.
DeprecationWarning: 'createElementAccessExpression' has been deprecated since v4.0.0. Use the appropriate method on 'ts.factory' or the 'factory' supplied by your transformation context instead.
DeprecationWarning: 'createIfStatement' has been deprecated since v4.0.0. Use the appropriate method on 'ts.factory' or the 'factory' supplied by your transformation context instead.
DeprecationWarning: 'createBlock' has been deprecated since v4.0.0. Use the appropriate method on 'ts.factory' or the 'factory' supplied by your transformation context instead.
DeprecationWarning: 'createVariableDeclaration' has been deprecated since v4.0.0. Use the appropriate method on 'ts.factory' or the 'factory' supplied by your transformation context instead.
DeprecationWarning: 'createCatchClause' has been deprecated since v4.0.0. Use the appropriate method on 'ts.factory' or the 'factory' supplied by your transformation context instead.
DeprecationWarning: 'createTryStatement' has been deprecated since v4.0.0. Use the appropriate method on 'ts.factory' or the 'factory' supplied by your transformation context instead.
DeprecationWarning: 'createTrue' has been deprecated since v4.0.0. Use the appropriate method on 'ts.factory' or the 'factory' supplied by your transformation context instead.
<s> [webpack.Progress] 70% sealing plugins WarnCaseSensitiveModulesPlugin
<s> [webpack.Progress] 70% sealing plugins
<s> [webpack.Progress] 71% sealing dependencies optimization
<s> [webpack.Progress] 71% sealing dependencies optimization SideEffectsFlagPlugin
<s> [webpack.Progress] 71% sealing dependencies optimization FlagDependencyUsagePlugin
<s> [webpack.Progress] 71% sealing dependencies optimization
<s> [webpack.Progress] 71% sealing after dependencies optimization
<s> [webpack.Progress] 71% sealing after dependencies optimization
<s> [webpack.Progress] 72% sealing chunk graph
<s> [webpack.Progress] 72% sealing chunk graph
<s> [webpack.Progress] 73% sealing after chunk graph
<s> [webpack.Progress] 73% sealing after chunk graph
<s> [webpack.Progress] 73% sealing optimizing
<s> [webpack.Progress] 73% sealing optimizing
<s> [webpack.Progress] 74% sealing module optimization
<s> [webpack.Progress] 74% sealing module optimization
<s> [webpack.Progress] 75% sealing after module optimization
<s> [webpack.Progress] 75% sealing after module optimization
<s> [webpack.Progress] 75% sealing chunk optimization
<s> [webpack.Progress] 75% sealing chunk optimization EnsureChunkConditionsPlugin
<s> [webpack.Progress] 75% sealing chunk optimization RemoveEmptyChunksPlugin
<s> [webpack.Progress] 75% sealing chunk optimization MergeDuplicateChunksPlugin
<s> [webpack.Progress] 75% sealing chunk optimization SplitChunksPlugin
<s> [webpack.Progress] 75% sealing chunk optimization RemoveEmptyChunksPlugin
<s> [webpack.Progress] 75% sealing chunk optimization
<s> [webpack.Progress] 76% sealing after chunk optimization
<s> [webpack.Progress] 76% sealing after chunk optimization
<s> [webpack.Progress] 77% sealing module and chunk tree optimization
<s> [webpack.Progress] 77% sealing module and chunk tree optimization PersistentChildCompilerSingletonPlugin
<s> [webpack.Progress] 77% sealing module and chunk tree optimization
<s> [webpack.Progress] 77% sealing after module and chunk tree optimization
<s> [webpack.Progress] 77% sealing after module and chunk tree optimization
<s> [webpack.Progress] 78% sealing chunk modules optimization
<s> [webpack.Progress] 78% sealing chunk modules optimization ModuleConcatenationPlugin
<s> [webpack.Progress] 78% sealing chunk modules optimization
<s> [webpack.Progress] 78% sealing after chunk modules optimization
<s> [webpack.Progress] 78% sealing after chunk modules optimization
<s> [webpack.Progress] 79% sealing module reviving
<s> [webpack.Progress] 79% sealing module reviving RecordIdsPlugin
<s> [webpack.Progress] 79% sealing module reviving
<s> [webpack.Progress] 80% sealing before module ids
<s> [webpack.Progress] 80% sealing before module ids
<s> [webpack.Progress] 80% sealing module ids
<s> [webpack.Progress] 80% sealing module ids NamedModuleIdsPlugin
<s> [webpack.Progress] 80% sealing module ids
<s> [webpack.Progress] 81% sealing module id optimization
<s> [webpack.Progress] 81% sealing module id optimization
<s> [webpack.Progress] 82% sealing module id optimization
<s> [webpack.Progress] 82% sealing module id optimization
<s> [webpack.Progress] 82% sealing chunk reviving
<s> [webpack.Progress] 82% sealing chunk reviving RecordIdsPlugin
<s> [webpack.Progress] 82% sealing chunk reviving
<s> [webpack.Progress] 83% sealing before chunk ids
<s> [webpack.Progress] 83% sealing before chunk ids
<s> [webpack.Progress] 84% sealing chunk ids
<s> [webpack.Progress] 84% sealing chunk ids DeterministicChunkIdsPlugin
<s> [webpack.Progress] 84% sealing chunk ids
<s> [webpack.Progress] 84% sealing chunk id optimization
<s> [webpack.Progress] 84% sealing chunk id optimization FlagIncludedChunksPlugin
<s> [webpack.Progress] 84% sealing chunk id optimization
<s> [webpack.Progress] 85% sealing after chunk id optimization
<s> [webpack.Progress] 85% sealing after chunk id optimization
<s> [webpack.Progress] 86% sealing record modules
<s> [webpack.Progress] 86% sealing record modules RecordIdsPlugin
<s> [webpack.Progress] 86% sealing record modules
<s> [webpack.Progress] 86% sealing record chunks
<s> [webpack.Progress] 86% sealing record chunks RecordIdsPlugin
<s> [webpack.Progress] 86% sealing record chunks
<s> [webpack.Progress] 87% sealing module hashing
<s> [webpack.Progress] 87% sealing module hashing
<s> [webpack.Progress] 87% sealing code generation
<s> [webpack.Progress] 87% sealing code generation
<s> [webpack.Progress] 88% sealing runtime requirements
<s> [webpack.Progress] 88% sealing runtime requirements
<s> [webpack.Progress] 89% sealing hashing
<s> [webpack.Progress] 89% sealing hashing
<s> [webpack.Progress] 89% sealing after hashing
<s> [webpack.Progress] 89% sealing after hashing
<s> [webpack.Progress] 90% sealing record hash
<s> [webpack.Progress] 90% sealing record hash
<s> [webpack.Progress] 91% sealing module assets processing
<s> [webpack.Progress] 91% sealing module assets processing
<s> [webpack.Progress] 91% sealing chunk assets processing
<s> [webpack.Progress] 91% sealing chunk assets processing
<s> [webpack.Progress] 92% sealing asset processing
<s> [webpack.Progress] 92% sealing asset processing PersistentChildCompilerSingletonPlugin
<s> [webpack.Progress] 92% sealing asset processing TerserPlugin
info => Manager built (48 s)
<s> [webpack.Progress] 92% sealing asset processing SourceMapDevToolPlugin
<s> [webpack.Progress] 92% sealing asset processing SourceMapDevToolPlugin
<s> [webpack.Progress] 92% sealing asset processing SourceMapDevToolPlugin main.c543b835.iframe.bundle.js generate SourceMap
<s> [webpack.Progress] 92% sealing asset processing SourceMapDevToolPlugin main.c543b835.iframe.bundle.js generated SourceMap
<s> [webpack.Progress] 92% sealing asset processing SourceMapDevToolPlugin runtime~main.176c7250.iframe.bundle.js generate SourceMap
<s> [webpack.Progress] 92% sealing asset processing SourceMapDevToolPlugin runtime~main.176c7250.iframe.bundle.js generated SourceMap
<s> [webpack.Progress] 92% sealing asset processing SourceMapDevToolPlugin 701.27d1232d.iframe.bundle.js generate SourceMap
<s> [webpack.Progress] 92% sealing asset processing SourceMapDevToolPlugin 701.27d1232d.iframe.bundle.js generated SourceMap
<s> [webpack.Progress] 92% sealing asset processing SourceMapDevToolPlugin 745.b4b26ab3.iframe.bundle.js generate SourceMap
<s> [webpack.Progress] 92% sealing asset processing SourceMapDevToolPlugin 745.b4b26ab3.iframe.bundle.js generated SourceMap
<s> [webpack.Progress] 92% sealing asset processing SourceMapDevToolPlugin 273.f4770f0e.iframe.bundle.js generate SourceMap
<s> [webpack.Progress] 92% sealing asset processing SourceMapDevToolPlugin 273.f4770f0e.iframe.bundle.js generated SourceMap
<s> [webpack.Progress] 92% sealing asset processing SourceMapDevToolPlugin 962.8f941fac.iframe.bundle.js generate SourceMap
<s> [webpack.Progress] 92% sealing asset processing SourceMapDevToolPlugin 962.8f941fac.iframe.bundle.js generated SourceMap
<s> [webpack.Progress] 92% sealing asset processing SourceMapDevToolPlugin 286.8674d1d6.iframe.bundle.js generate SourceMap
<s> [webpack.Progress] 92% sealing asset processing SourceMapDevToolPlugin 286.8674d1d6.iframe.bundle.js generated SourceMap
<s> [webpack.Progress] 92% sealing asset processing SourceMapDevToolPlugin 690.b613575b.iframe.bundle.js generate SourceMap
<s> [webpack.Progress] 92% sealing asset processing SourceMapDevToolPlugin 690.b613575b.iframe.bundle.js generated SourceMap
<s> [webpack.Progress] 92% sealing asset processing SourceMapDevToolPlugin 594.2b770622.iframe.bundle.js generate SourceMap
<s> [webpack.Progress] 92% sealing asset processing SourceMapDevToolPlugin 594.2b770622.iframe.bundle.js generated SourceMap
<s> [webpack.Progress] 92% sealing asset processing SourceMapDevToolPlugin 247.605d0993.iframe.bundle.js generate SourceMap
<s> [webpack.Progress] 92% sealing asset processing SourceMapDevToolPlugin 247.605d0993.iframe.bundle.js generated SourceMap
<s> [webpack.Progress] 92% sealing asset processing SourceMapDevToolPlugin 651.8e2d8903.iframe.bundle.js generate SourceMap
<s> [webpack.Progress] 92% sealing asset processing SourceMapDevToolPlugin 651.8e2d8903.iframe.bundle.js generated SourceMap
<s> [webpack.Progress] 92% sealing asset processing SourceMapDevToolPlugin 838.2abee5b1.iframe.bundle.js generate SourceMap
<s> [webpack.Progress] 92% sealing asset processing SourceMapDevToolPlugin 838.2abee5b1.iframe.bundle.js generated SourceMap
<s> [webpack.Progress] 92% sealing asset processing SourceMapDevToolPlugin resolve sources
<s> [webpack.Progress] 92% sealing asset processing SourceMapDevToolPlugin
<s> [webpack.Progress] 92% sealing asset processing HtmlWebpackPlugin
<s> [webpack.Progress] 92% sealing asset processing HtmlWebpackPlugin
<s> [webpack.Progress] 92% sealing asset processing HtmlWebpackPlugin resolve sources
<s> [webpack.Progress] 92% sealing asset processing HtmlWebpackPlugin
<s> [webpack.Progress] 92% sealing asset processing RealContentHashPlugin
<s> [webpack.Progress] 92% sealing asset processing RealContentHashPlugin
<s> [webpack.Progress] 92% sealing asset processing RealContentHashPlugin main.a639f984.iframe.bundle.js generate SourceMap
<s> [webpack.Progress] 92% sealing asset processing RealContentHashPlugin main.a639f984.iframe.bundle.js generated SourceMap
<s> [webpack.Progress] 92% sealing asset processing RealContentHashPlugin runtime~main.50b3028a.iframe.bundle.js generate SourceMap
<s> [webpack.Progress] 92% sealing asset processing RealContentHashPlugin runtime~main.50b3028a.iframe.bundle.js generated SourceMap
<s> [webpack.Progress] 92% sealing asset processing RealContentHashPlugin 701.772d0f99.iframe.bundle.js generate SourceMap
<s> [webpack.Progress] 92% sealing asset processing RealContentHashPlugin 701.772d0f99.iframe.bundle.js generated SourceMap
<s> [webpack.Progress] 92% sealing asset processing RealContentHashPlugin 745.73f56cc4.iframe.bundle.js generate SourceMap
<s> [webpack.Progress] 92% sealing asset processing RealContentHashPlugin 745.73f56cc4.iframe.bundle.js generated SourceMap
<s> [webpack.Progress] 92% sealing asset processing RealContentHashPlugin 690.014650ed.iframe.bundle.js generate SourceMap
<s> [webpack.Progress] 92% sealing asset processing RealContentHashPlugin 690.014650ed.iframe.bundle.js generated SourceMap
<s> [webpack.Progress] 92% sealing asset processing RealContentHashPlugin 247.5eb23d5e.iframe.bundle.js generate SourceMap
<s> [webpack.Progress] 92% sealing asset processing RealContentHashPlugin 247.5eb23d5e.iframe.bundle.js generated SourceMap
<s> [webpack.Progress] 92% sealing asset processing RealContentHashPlugin 651.d5ea9a98.iframe.bundle.js generate SourceMap
<s> [webpack.Progress] 92% sealing asset processing RealContentHashPlugin 651.d5ea9a98.iframe.bundle.js generated SourceMap
<s> [webpack.Progress] 92% sealing asset processing RealContentHashPlugin 273.d60603d2.iframe.bundle.js generate SourceMap
<s> [webpack.Progress] 92% sealing asset processing RealContentHashPlugin 273.d60603d2.iframe.bundle.js generated SourceMap
<s> [webpack.Progress] 92% sealing asset processing RealContentHashPlugin 962.6ed5c560.iframe.bundle.js generate SourceMap
<s> [webpack.Progress] 92% sealing asset processing RealContentHashPlugin 962.6ed5c560.iframe.bundle.js generated SourceMap
<s> [webpack.Progress] 92% sealing asset processing RealContentHashPlugin 286.3f4584d7.iframe.bundle.js generate SourceMap
<s> [webpack.Progress] 92% sealing asset processing RealContentHashPlugin 286.3f4584d7.iframe.bundle.js generated SourceMap
<s> [webpack.Progress] 92% sealing asset processing RealContentHashPlugin 594.7669b80d.iframe.bundle.js generate SourceMap
<s> [webpack.Progress] 92% sealing asset processing RealContentHashPlugin 594.7669b80d.iframe.bundle.js generated SourceMap
<s> [webpack.Progress] 92% sealing asset processing RealContentHashPlugin 838.67c65c97.iframe.bundle.js generate SourceMap
<s> [webpack.Progress] 92% sealing asset processing RealContentHashPlugin 838.67c65c97.iframe.bundle.js generated SourceMap
<s> [webpack.Progress] 92% sealing asset processing RealContentHashPlugin resolve sources
<s> [webpack.Progress] 92% sealing asset processing RealContentHashPlugin
<s> [webpack.Progress] 92% sealing asset processing
<s> [webpack.Progress] 93% sealing after asset optimization
<s> [webpack.Progress] 93% sealing after asset optimization
<s> [webpack.Progress] 93% sealing recording
<s> [webpack.Progress] 93% sealing recording
<s> [webpack.Progress] 94% sealing after seal
<s> [webpack.Progress] 94% sealing after seal
<s> [webpack.Progress] 95% emitting emit
<s> [webpack.Progress] 95% emitting emit
<s> [webpack.Progress] 98% emitting after emit
<s> [webpack.Progress] 98% emitting after emit SizeLimitsPlugin
<s> [webpack.Progress] 98% emitting after emit
<s> [webpack.Progress] 99% done plugins
<s> [webpack.Progress] 99% done plugins CaseSensitivePathsPlugin
<s> [webpack.Progress] 99% done plugins
<s> [webpack.Progress] 99% 

<s> [webpack.Progress] 99% cache store build dependencies
<s> [webpack.Progress] 99% cache store build dependencies
<s> [webpack.Progress] 99% cache begin idle
<s> [webpack.Progress] 99% cache begin idle
<s> [webpack.Progress] 100% 

info => Preview built (51 s)
WARN asset size limit: The following asset(s) exceed the recommended size limit (244 KiB).
WARN This can impact web performance.
WARN Assets: 
WARN   static/media/MaterialCommunityIcons.5d42b4e6.ttf (1.09 MiB)
WARN   main.a639f984.iframe.bundle.js (416 KiB)
WARN   273.d60603d2.iframe.bundle.js (591 KiB)
WARN   286.3f4584d7.iframe.bundle.js (788 KiB)
WARN   838.67c65c97.iframe.bundle.js (2.49 MiB)
WARN entrypoint size limit: The following entrypoint(s) combined asset size exceeds the recommended limit (244 KiB). This can impact web performance.
WARN Entrypoints:
WARN   main (2.9 MiB)
WARN       runtime~main.50b3028a.iframe.bundle.js
WARN       838.67c65c97.iframe.bundle.js
WARN       main.a639f984.iframe.bundle.js
WARN 
<s> [webpack.Progress] 99% cache shutdown
<s> [webpack.Progress] 99% cache shutdown
<s> [webpack.Progress] 100% 

info => Output directory: C:\Users\user\AppData\Local\Temp\chromatic--17804-1t3txDrBbzIN
